<?xml version="1.0" encoding="UTF-8"?>
<robot generator="Robot 7.4.1 (Python 3.12.3 on linux)" generated="2026-01-21T13:02:04.379938" rpa="false" schemaversion="5">
<suite id="s1" name="Amazon" source="/home/dyansdev/PyCharmMiscProject/robot-scripts/Amazon/Tests/Amazon.robot">
<test id="s1-t1" name="User must sign in to check out" line="12">
<kw name="Set Selenium Speed" owner="SeleniumLibrary">
<arg>0.2s</arg>
<doc>Sets the delay that is waited after each Selenium command.</doc>
<status status="PASS" start="2026-01-21T13:02:04.646596" elapsed="0.000419"/>
</kw>
<kw name="Set Selenium Timeout" owner="SeleniumLibrary">
<arg>5s</arg>
<doc>Sets the timeout that is used by various keywords.</doc>
<status status="PASS" start="2026-01-21T13:02:04.647286" elapsed="0.000303"/>
</kw>
<kw name="Open Browser" owner="SeleniumLibrary">
<msg time="2026-01-21T13:02:04.648955" level="FAIL">Variable '${BROWSER}' not found.</msg>
<arg>http://www.amazon.com</arg>
<arg>${BROWSER}</arg>
<arg>remote_url=${REMOTE_URL}</arg>
<arg>desired_capabilities={"platformName": "${PLATFORM}", "browserVersion": "${BROWSER_VERSION}"}</arg>
<doc>Opens a new browser instance to the optional ``url``.</doc>
<status status="FAIL" start="2026-01-21T13:02:04.647829" elapsed="0.001265">Variable '${BROWSER}' not found.</status>
</kw>
<kw name="Set Window Position" owner="SeleniumLibrary">
<arg>341</arg>
<arg>169</arg>
<doc>Sets window position using ``x`` and ``y`` coordinates.</doc>
<status status="NOT RUN" start="2026-01-21T13:02:04.649501" elapsed="0.000085"/>
</kw>
<kw name="Set Window Size" owner="SeleniumLibrary">
<arg>1024</arg>
<arg>700</arg>
<doc>Sets current windows size to given ``width`` and ``height``.</doc>
<status status="NOT RUN" start="2026-01-21T13:02:04.651825" elapsed="0.000127"/>
</kw>
<kw name="Maximize Browser Window" owner="SeleniumLibrary">
<doc>Maximizes current browser window.</doc>
<status status="NOT RUN" start="2026-01-21T13:02:04.652299" elapsed="0.000090"/>
</kw>
<kw name="Input Text" owner="SeleniumLibrary">
<arg>id=twotabsearchtextbox</arg>
<arg>Ferrari 458</arg>
<doc>Types the given ``text`` into the text field identified by ``locator``.</doc>
<status status="NOT RUN" start="2026-01-21T13:02:04.652712" elapsed="0.000083"/>
</kw>
<kw name="Click Button" owner="SeleniumLibrary">
<arg>id=nav-search-submit-button</arg>
<doc>Clicks the button identified by ``locator``.</doc>
<status status="NOT RUN" start="2026-01-21T13:02:04.653131" elapsed="0.000086"/>
</kw>
<kw name="Wait Until Page Contains" owner="SeleniumLibrary">
<arg>Resultados</arg>
<doc>Waits until ``text`` appears on the current page.</doc>
<status status="NOT RUN" start="2026-01-21T13:02:04.653540" elapsed="0.000088"/>
</kw>
<kw name="Click Image" owner="SeleniumLibrary">
<arg>class=s-image</arg>
<doc>Clicks an image identified by ``locator``.</doc>
<status status="NOT RUN" start="2026-01-21T13:02:04.654068" elapsed="0.000105"/>
</kw>
<kw name="Wait Until Page Contains" owner="SeleniumLibrary">
<arg>Rastar Coche RC</arg>
<doc>Waits until ``text`` appears on the current page.</doc>
<status status="NOT RUN" start="2026-01-21T13:02:04.654537" elapsed="0.000096"/>
</kw>
<kw name="Click Element" owner="SeleniumLibrary">
<arg>id=add-to-cart-button</arg>
<doc>Click the element identified by ``locator``.</doc>
<status status="NOT RUN" start="2026-01-21T13:02:04.654988" elapsed="0.000103"/>
</kw>
<kw name="Wait Until Page Contains" owner="SeleniumLibrary">
<arg>Agregado al carrito</arg>
<doc>Waits until ``text`` appears on the current page.</doc>
<status status="NOT RUN" start="2026-01-21T13:02:04.655463" elapsed="0.000091"/>
</kw>
<kw name="Close Browser" owner="SeleniumLibrary">
<doc>Closes the current browser.</doc>
<status status="NOT RUN" start="2026-01-21T13:02:04.655904" elapsed="0.000083"/>
</kw>
<doc>This is some basic info about the test</doc>
<tag>Smoke</tag>
<status status="FAIL" start="2026-01-21T13:02:04.645287" elapsed="0.011129">Variable '${BROWSER}' not found.</status>
</test>
<doc>This is some basic info about the whole suite</doc>
<status status="FAIL" start="2026-01-21T13:02:04.381169" elapsed="0.276312"/>
</suite>
<statistics>
<total>
<stat pass="0" fail="1" skip="0">All Tests</stat>
</total>
<tag>
<stat pass="0" fail="1" skip="0">Smoke</stat>
</tag>
<suite>
<stat name="Amazon" id="s1" pass="0" fail="1" skip="0">Amazon</stat>
</suite>
</statistics>
<errors>
<msg time="2026-01-21T13:02:04.381353" level="ERROR">Error in file '/home/dyansdev/PyCharmMiscProject/robot-scripts/Amazon/Tests/Amazon.robot' on line 6: Setting variable '' failed: Invalid variable name ''.</msg>
</errors>
</robot>
