<?xml version="1.0" encoding="UTF-8"?>
<robot generator="Robot 7.4.2 (Python 3.12.3 on linux)" generated="2026-03-03T12:07:44.767479" rpa="false" schemaversion="5">
<suite id="s1" name="Amazon" source="/home/dyansdev/Documentos/Curso_Jenkins/Amazon/Tests/Amazon.robot">
<test id="s1-t1" name="User must sign in to check out" line="11">
<kw name="Set Selenium Speed" owner="SeleniumLibrary">
<arg>.2s</arg>
<doc>Sets the delay that is waited after each Selenium command.</doc>
<status status="PASS" start="2026-03-03T12:07:44.951086" elapsed="0.000500"/>
</kw>
<kw name="Set Selenium Timeout" owner="SeleniumLibrary">
<arg>5s</arg>
<doc>Sets the timeout that is used by various keywords.</doc>
<status status="PASS" start="2026-03-03T12:07:44.951941" elapsed="0.000900"/>
</kw>
<kw name="Open Browser" owner="SeleniumLibrary">
<msg time="2026-03-03T12:07:44.953607" level="INFO">Opening browser 'chrome' to base url 'http://www.amazon.com'.</msg>
<msg time="2026-03-03T12:07:47.379591" level="WARN">The chromedriver version (144.0.7559.96) detected in PATH at /usr/local/bin/chromedriver might not be compatible with the detected chrome version (145.0.7632.116); currently, chromedriver 145.0.7632.117 is recommended for chrome 145.*, so it is advised to delete the driver in PATH and retry</msg>
<arg>http://www.amazon.com</arg>
<arg>chrome</arg>
<doc>Opens a new browser instance to the optional ``url``.</doc>
<status status="PASS" start="2026-03-03T12:07:44.953303" elapsed="19.500416"/>
</kw>
<kw name="Set Window Position" owner="SeleniumLibrary">
<arg>x=341</arg>
<arg>y=169</arg>
<doc>Sets window position using ``x`` and ``y`` coordinates.</doc>
<status status="PASS" start="2026-03-03T12:08:04.454318" elapsed="0.381310"/>
</kw>
<kw name="Set Window Size" owner="SeleniumLibrary">
<arg>width=1024</arg>
<arg>height=700</arg>
<doc>Sets current windows size to given ``width`` and ``height``.</doc>
<status status="PASS" start="2026-03-03T12:08:04.836286" elapsed="0.258034"/>
</kw>
<kw name="Maximize Browser Window" owner="SeleniumLibrary">
<doc>Maximizes current browser window.</doc>
<status status="PASS" start="2026-03-03T12:08:05.094701" elapsed="0.542663"/>
</kw>
<kw name="Input Text" owner="SeleniumLibrary">
<msg time="2026-03-03T12:08:05.638392" level="INFO">Typing text 'Ferrari 458' into text field 'id=twotabsearchtextbox'.</msg>
<arg>id=twotabsearchtextbox</arg>
<arg>Ferrari 458</arg>
<doc>Types the given ``text`` into the text field identified by ``locator``.</doc>
<status status="PASS" start="2026-03-03T12:08:05.637642" elapsed="1.095909"/>
</kw>
<kw name="Click Button" owner="SeleniumLibrary">
<msg time="2026-03-03T12:08:06.734080" level="INFO">Clicking button 'id=nav-search-submit-button'.</msg>
<arg>id=nav-search-submit-button</arg>
<doc>Clicks the button identified by ``locator``.</doc>
<status status="PASS" start="2026-03-03T12:08:06.733819" elapsed="3.543451"/>
</kw>
<kw name="Wait Until Page Contains" owner="SeleniumLibrary">
<arg>Resultados</arg>
<doc>Waits until ``text`` appears on the current page.</doc>
<status status="PASS" start="2026-03-03T12:08:10.277561" elapsed="0.257605"/>
</kw>
<kw name="Click Image" owner="SeleniumLibrary">
<msg time="2026-03-03T12:08:10.535611" level="INFO">Clicking image 'class=s-image'.</msg>
<arg>class=s-image</arg>
<doc>Clicks an image identified by ``locator``.</doc>
<status status="PASS" start="2026-03-03T12:08:10.535403" elapsed="16.617997"/>
</kw>
<kw name="Wait Until Page Contains" owner="SeleniumLibrary">
<arg>Rastar Coche RC</arg>
<doc>Waits until ``text`` appears on the current page.</doc>
<status status="PASS" start="2026-03-03T12:08:27.153675" elapsed="0.403967"/>
</kw>
<kw name="Click Element" owner="SeleniumLibrary">
<msg time="2026-03-03T12:08:27.558216" level="INFO">Clicking element 'id=add-to-cart-button'.</msg>
<arg>id=add-to-cart-button</arg>
<doc>Click the element identified by ``locator``.</doc>
<status status="PASS" start="2026-03-03T12:08:27.557944" elapsed="1.922276"/>
</kw>
<kw name="Wait Until Page Contains" owner="SeleniumLibrary">
<arg>Agregado al carrito</arg>
<doc>Waits until ``text`` appears on the current page.</doc>
<status status="PASS" start="2026-03-03T12:08:29.480649" elapsed="0.257547"/>
</kw>
<kw name="Close Browser" owner="SeleniumLibrary">
<doc>Closes the current browser.</doc>
<status status="PASS" start="2026-03-03T12:08:29.738497" elapsed="0.342281"/>
</kw>
<doc>This is some basic info about the test</doc>
<tag>Smoke</tag>
<status status="PASS" start="2026-03-03T12:07:44.949693" elapsed="45.131311"/>
</test>
<doc>This is some basic info about the whole suite</doc>
<status status="PASS" start="2026-03-03T12:07:44.768378" elapsed="45.313120"/>
</suite>
<statistics>
<total>
<stat pass="1" fail="0" skip="0">All Tests</stat>
</total>
<tag>
<stat pass="1" fail="0" skip="0">Smoke</stat>
</tag>
<suite>
<stat name="Amazon" id="s1" pass="1" fail="0" skip="0">Amazon</stat>
</suite>
</statistics>
<errors>
<msg time="2026-03-03T12:07:47.379591" level="WARN">The chromedriver version (144.0.7559.96) detected in PATH at /usr/local/bin/chromedriver might not be compatible with the detected chrome version (145.0.7632.116); currently, chromedriver 145.0.7632.117 is recommended for chrome 145.*, so it is advised to delete the driver in PATH and retry</msg>
</errors>
</robot>
