<?xml version="1.0" encoding="UTF-8"?>
<robot generator="Robot 7.4.2 (Python 3.12.3 on linux)" generated="2026-03-03T16:04:25.446509" rpa="false" schemaversion="5">
<suite id="s1" name="Amazon" source="/home/dyansdev/Documentos/Curso_Jenkins/Amazon/Tests/Amazon.robot">
<test id="s1-t1" name="User must sign in to check out" line="11">
<kw name="Set Selenium Speed" owner="SeleniumLibrary">
<arg>.2s</arg>
<doc>Sets the delay that is waited after each Selenium command.</doc>
<status status="PASS" start="2026-03-03T16:04:25.608348" elapsed="0.000391"/>
</kw>
<kw name="Set Selenium Timeout" owner="SeleniumLibrary">
<arg>5s</arg>
<doc>Sets the timeout that is used by various keywords.</doc>
<status status="PASS" start="2026-03-03T16:04:25.609027" elapsed="0.000287"/>
</kw>
<kw name="Open Browser" owner="SeleniumLibrary">
<msg time="2026-03-03T16:04:25.610081" level="INFO">Opening browser 'chrome' to base url 'https://www.amazon.com'.</msg>
<msg time="2026-03-03T16:04:26.161210" level="WARN">The chromedriver version (144.0.7559.96) detected in PATH at /usr/local/bin/chromedriver might not be compatible with the detected chrome version (145.0.7632.116); currently, chromedriver 145.0.7632.117 is recommended for chrome 145.*, so it is advised to delete the driver in PATH and retry</msg>
<arg>https://www.amazon.com</arg>
<arg>chrome</arg>
<doc>Opens a new browser instance to the optional ``url``.</doc>
<status status="PASS" start="2026-03-03T16:04:25.609598" elapsed="4.684295"/>
</kw>
<kw name="Set Window Position" owner="SeleniumLibrary">
<msg time="2026-03-03T16:04:30.964818" level="WARN">Keyword 'Capture Page Screenshot' could not be run on failure: Message: invalid session id; For documentation on this error, please visit: https://www.selenium.dev/documentation/webdriver/troubleshooting/errors#invalidsessionidexception
Stacktrace:
#0 0x5aec166e6afa &lt;unknown&gt;
#1 0x5aec16100300 &lt;unknown&gt;
#2 0x5aec16146a71 &lt;unknown&gt;
#3 0x5aec1617c076 &lt;unknown&gt;
#4 0x5aec1617685c &lt;unknown&gt;
#5 0x5aec16175b39 &lt;unknown&gt;
#6 0x5aec160c5785 &lt;unknown&gt;
#7 0x5aec166ac689 &lt;unknown&gt;
#8 0x5aec166af581 &lt;unknown&gt;
#9 0x5aec16698ca9 &lt;unknown&gt;
#10 0x5aec166b013e &lt;unknown&gt;
#11 0x5aec1667f3a0 &lt;unknown&gt;
#12 0x5aec160c2e64 &lt;unknown&gt;
#13 0x7adff962a1ca &lt;unknown&gt;
#14 0x7adff962a28b __libc_start_main
#15 0x5aec160819aa _start
</msg>
<msg time="2026-03-03T16:04:30.965156" level="FAIL">InvalidSessionIdException: Message: invalid session id: session deleted as the browser has closed the connection
from disconnected: not connected to DevTools
  (Session info: chrome=145.0.7632.116); For documentation on this error, please visit: https://www.selenium.dev/documentation/webdriver/troubleshooting/errors#invalidsessionidexception
Stacktrace:
#0 0x5aec166e6afa &lt;unknown&gt;
#1 0x5aec1610060f &lt;unknown&gt;
#2 0x5aec160e63a3 &lt;unknown&gt;
#3 0x5aec1610f871 &lt;unknown&gt;
#4 0x5aec16184a80 &lt;unknown&gt;
#5 0x5aec1619e028 &lt;unknown&gt;
#6 0x5aec16147842 &lt;unknown&gt;
#7 0x5aec16148631 &lt;unknown&gt;
#8 0x5aec166ac689 &lt;unknown&gt;
#9 0x5aec166af581 &lt;unknown&gt;
#10 0x5aec16698ca9 &lt;unknown&gt;
#11 0x5aec166b013e &lt;unknown&gt;
#12 0x5aec1667f3a0 &lt;unknown&gt;
#13 0x5aec166d3fc8 &lt;unknown&gt;
#14 0x5aec166d419b &lt;unknown&gt;
#15 0x5aec166e5e68 &lt;unknown&gt;
#16 0x7adff969caa4 &lt;unknown&gt;
#17 0x7adff9729c6c &lt;unknown&gt;
</msg>
<arg>x=341</arg>
<arg>y=169</arg>
<doc>Sets window position using ``x`` and ``y`` coordinates.</doc>
<status status="FAIL" start="2026-03-03T16:04:30.294164" elapsed="0.673614">InvalidSessionIdException: Message: invalid session id: session deleted as the browser has closed the connection
from disconnected: not connected to DevTools
  (Session info: chrome=145.0.7632.116); For documentation on this error, please visit: https://www.selenium.dev/documentation/webdriver/troubleshooting/errors#invalidsessionidexception
Stacktrace:
#0 0x5aec166e6afa &lt;unknown&gt;
#1 0x5aec1610060f &lt;unknown&gt;
#2 0x5aec160e63a3 &lt;unknown&gt;
#3 0x5aec1610f871 &lt;unknown&gt;
#4 0x5aec16184a80 &lt;unknown&gt;
#5 0x5aec1619e028 &lt;unknown&gt;
#6 0x5aec16147842 &lt;unknown&gt;
#7 0x5aec16148631 &lt;unknown&gt;
#8 0x5aec166ac689 &lt;unknown&gt;
#9 0x5aec166af581 &lt;unknown&gt;
#10 0x5aec16698ca9 &lt;unknown&gt;
#11 0x5aec166b013e &lt;unknown&gt;
#12 0x5aec1667f3a0 &lt;unknown&gt;
#13 0x5aec166d3fc8 &lt;unknown&gt;
#14 0x5aec166d419b &lt;unknown&gt;
#15 0x5aec166e5e68 &lt;unknown&gt;
#16 0x7adff969caa4 &lt;unknown&gt;
#17 0x7adff9729c6c &lt;unknown&gt;
</status>
</kw>
<kw name="Set Window Size" owner="SeleniumLibrary">
<arg>width=1024</arg>
<arg>height=700</arg>
<doc>Sets current windows size to given ``width`` and ``height``.</doc>
<status status="NOT RUN" start="2026-03-03T16:04:30.968103" elapsed="0.000056"/>
</kw>
<kw name="Maximize Browser Window" owner="SeleniumLibrary">
<doc>Maximizes current browser window.</doc>
<status status="NOT RUN" start="2026-03-03T16:04:30.968354" elapsed="0.000035"/>
</kw>
<kw name="Input Text" owner="SeleniumLibrary">
<arg>id=twotabsearchtextbox</arg>
<arg>Ferrari 458</arg>
<doc>Types the given ``text`` into the text field identified by ``locator``.</doc>
<status status="NOT RUN" start="2026-03-03T16:04:30.968528" elapsed="0.000032"/>
</kw>
<kw name="Click Button" owner="SeleniumLibrary">
<arg>id=nav-search-submit-button</arg>
<doc>Clicks the button identified by ``locator``.</doc>
<status status="NOT RUN" start="2026-03-03T16:04:30.968705" elapsed="0.000041"/>
</kw>
<kw name="Wait Until Page Contains" owner="SeleniumLibrary">
<arg>Resultados</arg>
<doc>Waits until ``text`` appears on the current page.</doc>
<status status="NOT RUN" start="2026-03-03T16:04:30.968922" elapsed="0.000040"/>
</kw>
<kw name="Click Image" owner="SeleniumLibrary">
<arg>class=s-image</arg>
<doc>Clicks an image identified by ``locator``.</doc>
<status status="NOT RUN" start="2026-03-03T16:04:30.969141" elapsed="0.000040"/>
</kw>
<kw name="Wait Until Page Contains" owner="SeleniumLibrary">
<arg>Rastar Coche RC</arg>
<doc>Waits until ``text`` appears on the current page.</doc>
<status status="NOT RUN" start="2026-03-03T16:04:30.969375" elapsed="0.000041"/>
</kw>
<kw name="Click Element" owner="SeleniumLibrary">
<arg>id=add-to-cart-button</arg>
<doc>Click the element identified by ``locator``.</doc>
<status status="NOT RUN" start="2026-03-03T16:04:30.969586" elapsed="0.000034"/>
</kw>
<kw name="Wait Until Page Contains" owner="SeleniumLibrary">
<arg>Agregado al carrito</arg>
<doc>Waits until ``text`` appears on the current page.</doc>
<status status="NOT RUN" start="2026-03-03T16:04:30.969827" elapsed="0.000041"/>
</kw>
<kw name="Close Browser" owner="SeleniumLibrary">
<doc>Closes the current browser.</doc>
<status status="NOT RUN" start="2026-03-03T16:04:30.970036" elapsed="0.000038"/>
</kw>
<doc>This is some basic info about the test</doc>
<tag>Smoke</tag>
<status status="FAIL" start="2026-03-03T16:04:25.606874" elapsed="5.363488">InvalidSessionIdException: Message: invalid session id: session deleted as the browser has closed the connection
from disconnected: not connected to DevTools
  (Session info: chrome=145.0.7632.116); For documentation on this error, please visit: https://www.selenium.dev/documentation/webdriver/troubleshooting/errors#invalidsessionidexception
Stacktrace:
#0 0x5aec166e6afa &lt;unknown&gt;
#1 0x5aec1610060f &lt;unknown&gt;
#2 0x5aec160e63a3 &lt;unknown&gt;
#3 0x5aec1610f871 &lt;unknown&gt;
#4 0x5aec16184a80 &lt;unknown&gt;
#5 0x5aec1619e028 &lt;unknown&gt;
#6 0x5aec16147842 &lt;unknown&gt;
#7 0x5aec16148631 &lt;unknown&gt;
#8 0x5aec166ac689 &lt;unknown&gt;
#9 0x5aec166af581 &lt;unknown&gt;
#10 0x5aec16698ca9 &lt;unknown&gt;
#11 0x5aec166b013e &lt;unknown&gt;
#12 0x5aec1667f3a0 &lt;unknown&gt;
#13 0x5aec166d3fc8 &lt;unknown&gt;
#14 0x5aec166d419b &lt;unknown&gt;
#15 0x5aec166e5e68 &lt;unknown&gt;
#16 0x7adff969caa4 &lt;unknown&gt;
#17 0x7adff9729c6c &lt;unknown&gt;
</status>
</test>
<doc>This is some basic info about the whole suite</doc>
<status status="FAIL" start="2026-03-03T16:04:25.447550" elapsed="5.523300"/>
</suite>
<statistics>
<total>
<stat pass="0" fail="1" skip="0">All Tests</stat>
</total>
<tag>
<stat pass="0" fail="1" skip="0">Smoke</stat>
</tag>
<suite>
<stat name="Amazon" id="s1" pass="0" fail="1" skip="0">Amazon</stat>
</suite>
</statistics>
<errors>
<msg time="2026-03-03T16:04:26.161210" level="WARN">The chromedriver version (144.0.7559.96) detected in PATH at /usr/local/bin/chromedriver might not be compatible with the detected chrome version (145.0.7632.116); currently, chromedriver 145.0.7632.117 is recommended for chrome 145.*, so it is advised to delete the driver in PATH and retry</msg>
<msg time="2026-03-03T16:04:30.964818" level="WARN">Keyword 'Capture Page Screenshot' could not be run on failure: Message: invalid session id; For documentation on this error, please visit: https://www.selenium.dev/documentation/webdriver/troubleshooting/errors#invalidsessionidexception
Stacktrace:
#0 0x5aec166e6afa &lt;unknown&gt;
#1 0x5aec16100300 &lt;unknown&gt;
#2 0x5aec16146a71 &lt;unknown&gt;
#3 0x5aec1617c076 &lt;unknown&gt;
#4 0x5aec1617685c &lt;unknown&gt;
#5 0x5aec16175b39 &lt;unknown&gt;
#6 0x5aec160c5785 &lt;unknown&gt;
#7 0x5aec166ac689 &lt;unknown&gt;
#8 0x5aec166af581 &lt;unknown&gt;
#9 0x5aec16698ca9 &lt;unknown&gt;
#10 0x5aec166b013e &lt;unknown&gt;
#11 0x5aec1667f3a0 &lt;unknown&gt;
#12 0x5aec160c2e64 &lt;unknown&gt;
#13 0x7adff962a1ca &lt;unknown&gt;
#14 0x7adff962a28b __libc_start_main
#15 0x5aec160819aa _start
</msg>
</errors>
</robot>
