<?xml version="1.0" encoding="UTF-8"?>
<robot generator="Robot 7.4.1 (Python 3.12.3 on linux)" generated="2026-01-21T13:24:19.732055" rpa="false" schemaversion="5">
<suite id="s1" name="Amazon" source="/home/dyansdev/PyCharmMiscProject/robot-scripts/Amazon/Tests/Amazon.robot">
<test id="s1-t1" name="User must sign in to check out" line="11">
<kw name="Set Selenium Speed" owner="SeleniumLibrary">
<arg>.2s</arg>
<doc>Sets the delay that is waited after each Selenium command.</doc>
<status status="PASS" start="2026-01-21T13:24:19.995999" elapsed="0.000430"/>
</kw>
<kw name="Set Selenium Timeout" owner="SeleniumLibrary">
<arg>5s</arg>
<doc>Sets the timeout that is used by various keywords.</doc>
<status status="PASS" start="2026-01-21T13:24:19.996840" elapsed="0.000346"/>
</kw>
<kw name="Open Browser" owner="SeleniumLibrary">
<msg time="2026-01-21T13:24:19.997678" level="INFO">Opening browser 'chrome' to base url 'http://www.amazon.com'.</msg>
<arg>http://www.amazon.com</arg>
<arg>chrome</arg>
<doc>Opens a new browser instance to the optional ``url``.</doc>
<status status="PASS" start="2026-01-21T13:24:19.997447" elapsed="11.022413"/>
</kw>
<kw name="Set Window Position" owner="SeleniumLibrary">
<arg>x=341</arg>
<arg>y=169</arg>
<doc>Sets window position using ``x`` and ``y`` coordinates.</doc>
<status status="PASS" start="2026-01-21T13:24:31.020231" elapsed="0.217005"/>
</kw>
<kw name="Set Window Size" owner="SeleniumLibrary">
<arg>width=1024</arg>
<arg>height=700</arg>
<doc>Sets current windows size to given ``width`` and ``height``.</doc>
<status status="PASS" start="2026-01-21T13:24:31.237630" elapsed="2.343205"/>
</kw>
<kw name="Maximize Browser Window" owner="SeleniumLibrary">
<doc>Maximizes current browser window.</doc>
<status status="PASS" start="2026-01-21T13:24:33.581295" elapsed="0.286264"/>
</kw>
<kw name="Input Text" owner="SeleniumLibrary">
<msg time="2026-01-21T13:24:33.868601" level="INFO">Typing text 'Ferrari 458' into text field 'id=twotabsearchtextbox'.</msg>
<arg>id=twotabsearchtextbox</arg>
<arg>Ferrari 458</arg>
<doc>Types the given ``text`` into the text field identified by ``locator``.</doc>
<status status="PASS" start="2026-01-21T13:24:33.867955" elapsed="0.894127"/>
</kw>
<kw name="Click Button" owner="SeleniumLibrary">
<msg time="2026-01-21T13:24:34.763178" level="INFO">Clicking button 'id=nav-search-submit-button'.</msg>
<arg>id=nav-search-submit-button</arg>
<doc>Clicks the button identified by ``locator``.</doc>
<status status="PASS" start="2026-01-21T13:24:34.762653" elapsed="3.432906"/>
</kw>
<kw name="Wait Until Page Contains" owner="SeleniumLibrary">
<arg>Resultados</arg>
<doc>Waits until ``text`` appears on the current page.</doc>
<status status="PASS" start="2026-01-21T13:24:38.195972" elapsed="0.257177"/>
</kw>
<kw name="Click Image" owner="SeleniumLibrary">
<msg time="2026-01-21T13:24:38.453826" level="INFO">Clicking image 'class=s-image'.</msg>
<arg>class=s-image</arg>
<doc>Clicks an image identified by ``locator``.</doc>
<status status="PASS" start="2026-01-21T13:24:38.453545" elapsed="19.849942"/>
</kw>
<kw name="Wait Until Page Contains" owner="SeleniumLibrary">
<arg>Rastar Coche RC</arg>
<doc>Waits until ``text`` appears on the current page.</doc>
<status status="PASS" start="2026-01-21T13:24:58.304068" elapsed="0.317055"/>
</kw>
<kw name="Click Element" owner="SeleniumLibrary">
<msg time="2026-01-21T13:24:58.621804" level="INFO">Clicking element 'id=add-to-cart-button'.</msg>
<arg>id=add-to-cart-button</arg>
<doc>Click the element identified by ``locator``.</doc>
<status status="PASS" start="2026-01-21T13:24:58.621409" elapsed="2.432812"/>
</kw>
<kw name="Wait Until Page Contains" owner="SeleniumLibrary">
<arg>Agregado al carrito</arg>
<doc>Waits until ``text`` appears on the current page.</doc>
<status status="PASS" start="2026-01-21T13:25:01.054644" elapsed="0.307373"/>
</kw>
<kw name="Close Browser" owner="SeleniumLibrary">
<doc>Closes the current browser.</doc>
<status status="PASS" start="2026-01-21T13:25:01.362389" elapsed="0.357258"/>
</kw>
<doc>This is some basic info about the test</doc>
<tag>Smoke</tag>
<status status="PASS" start="2026-01-21T13:24:19.994504" elapsed="41.725467"/>
</test>
<doc>This is some basic info about the whole suite</doc>
<status status="PASS" start="2026-01-21T13:24:19.734089" elapsed="41.986509"/>
</suite>
<statistics>
<total>
<stat pass="1" fail="0" skip="0">All Tests</stat>
</total>
<tag>
<stat pass="1" fail="0" skip="0">Smoke</stat>
</tag>
<suite>
<stat name="Amazon" id="s1" pass="1" fail="0" skip="0">Amazon</stat>
</suite>
</statistics>
<errors>
</errors>
</robot>
